<?xml version="1.0" encoding="UTF-8"?>
<testng-results ignored="0" total="1" passed="1" failed="0" skipped="0">
  <reporter-output>
  </reporter-output>
  <suite started-at="2024-09-13T16:08:35Z" name="Default suite" finished-at="2024-09-13T16:08:50Z" duration-ms="14308">
    <groups>
    </groups>
    <test started-at="2024-09-13T16:08:35Z" name="Default test" finished-at="2024-09-13T16:08:50Z" duration-ms="14308">
      <class name="Project2.FlipkartJen.ProductSearch">
        <test-method is-config="true" signature="setUp()[pri:0, instance:Project2.FlipkartJen.ProductSearch@6bc28a83]" started-at="2024-09-13T21:38:35Z" name="setUp" finished-at="2024-09-13T21:38:37Z" duration-ms="2055" status="PASS">
          <reporter-output>
          </reporter-output>
        </test-method> <!-- setUp -->
        <test-method signature="testSearchProduct()[pri:0, instance:Project2.FlipkartJen.ProductSearch@6bc28a83]" started-at="2024-09-13T21:38:37Z" name="testSearchProduct" finished-at="2024-09-13T21:38:46Z" duration-ms="9015" status="PASS">
          <reporter-output>
          </reporter-output>
        </test-method> <!-- testSearchProduct -->
        <test-method is-config="true" signature="tearDown()[pri:0, instance:Project2.FlipkartJen.ProductSearch@6bc28a83]" started-at="2024-09-13T21:38:46Z" name="tearDown" finished-at="2024-09-13T21:38:50Z" duration-ms="3217" status="PASS">
          <reporter-output>
          </reporter-output>
        </test-method> <!-- tearDown -->
      </class> <!-- Project2.FlipkartJen.ProductSearch -->
    </test> <!-- Default test -->
  </suite> <!-- Default suite -->
</testng-results>
